<?xml version="1.0" encoding="UTF-8"?>
<!-- Generated by org.testng.reporters.JUnitXMLReporter -->
<testsuite ignored="0" hostname="DESKTOP-0U1VA9V" failures="0" tests="2" name="Error Validations Test" time="18.155" errors="0" timestamp="2025-06-17T11:28:07 IST">
  <testcase classname="rahulshettyacademy.Tests.ErrorValidationsTest" name="LoginErrorValidation" time="1.321"/>
  <testcase classname="rahulshettyacademy.Tests.ErrorValidationsTest" name="ProductErrorValidation" time="3.446"/>
</testsuite> <!-- Error Validations Test -->
