<?xml version="1.0" encoding="UTF-8"?>
<!-- Generated by org.testng.reporters.JUnitXMLReporter -->
<testsuite ignored="0" hostname="DESKTOP-0U1VA9V" failures="0" tests="3" name="Test" time="30.012" errors="0" timestamp="2025-02-10T04:05:26 IST">
  <testcase classname="rahulshettyacademy.Tests.ErrorValidations" name="LoginErrorValidation" time="1.175"/>
  <testcase classname="rahulshettyacademy.Tests.ErrorValidations" name="ProductErrorValidation" time="3.393"/>
  <testcase classname="rahulshettyacademy.Tests.SubmitOrderTest" name="submitOrder" time="4.977"/>
</testsuite> <!-- Test -->
