<?xml version="1.0" encoding="UTF-8"?>
<testng-results ignored="0" total="2" passed="2" failed="0" skipped="0">
  <reporter-output>
  </reporter-output>
  <suite started-at="2025-06-17T11:27:49 IST" name="Suite" finished-at="2025-06-17T11:28:07 IST" duration-ms="18156">
    <groups>
      <group name="ErrorHandling">
        <method signature="ErrorValidationsTest.LoginErrorValidation()[pri:0, instance:rahulshettyacademy.Tests.ErrorValidationsTest@13d73fa]" name="LoginErrorValidation" class="rahulshettyacademy.Tests.ErrorValidationsTest"/>
        <method signature="ErrorValidationsTest.ProductErrorValidation()[pri:0, instance:rahulshettyacademy.Tests.ErrorValidationsTest@13d73fa]" name="ProductErrorValidation" class="rahulshettyacademy.Tests.ErrorValidationsTest"/>
      </group> <!-- ErrorHandling -->
    </groups>
    <test started-at="2025-06-17T11:27:49 IST" name="Submit Order Test" finished-at="2025-06-17T11:27:49 IST" duration-ms="58">
    </test> <!-- Submit Order Test -->
    <test started-at="2025-06-17T11:27:49 IST" name="Error Validations Test" finished-at="2025-06-17T11:28:07 IST" duration-ms="18155">
      <class name="rahulshettyacademy.Tests.ErrorValidationsTest">
        <test-method is-config="true" signature="launchApplication()[pri:0, instance:rahulshettyacademy.Tests.ErrorValidationsTest@13d73fa]" started-at="2025-06-17T11:27:49 IST" name="launchApplication" finished-at="2025-06-17T11:27:57 IST" duration-ms="7430" status="PASS">
          <reporter-output>
          </reporter-output>
        </test-method> <!-- launchApplication -->
        <test-method signature="LoginErrorValidation()[pri:0, instance:rahulshettyacademy.Tests.ErrorValidationsTest@13d73fa]" started-at="2025-06-17T11:27:57 IST" name="LoginErrorValidation" finished-at="2025-06-17T11:27:58 IST" duration-ms="1321" status="PASS">
          <reporter-output>
          </reporter-output>
        </test-method> <!-- LoginErrorValidation -->
        <test-method is-config="true" signature="tearDown()[pri:0, instance:rahulshettyacademy.Tests.ErrorValidationsTest@13d73fa]" started-at="2025-06-17T11:27:58 IST" name="tearDown" finished-at="2025-06-17T11:27:58 IST" duration-ms="251" status="PASS">
          <reporter-output>
          </reporter-output>
        </test-method> <!-- tearDown -->
        <test-method is-config="true" signature="launchApplication()[pri:0, instance:rahulshettyacademy.Tests.ErrorValidationsTest@13d73fa]" started-at="2025-06-17T11:27:58 IST" name="launchApplication" finished-at="2025-06-17T11:28:04 IST" duration-ms="5306" status="PASS">
          <reporter-output>
          </reporter-output>
        </test-method> <!-- launchApplication -->
        <test-method signature="ProductErrorValidation()[pri:0, instance:rahulshettyacademy.Tests.ErrorValidationsTest@13d73fa]" started-at="2025-06-17T11:28:04 IST" name="ProductErrorValidation" finished-at="2025-06-17T11:28:07 IST" duration-ms="3446" status="PASS">
          <reporter-output>
          </reporter-output>
        </test-method> <!-- ProductErrorValidation -->
        <test-method is-config="true" signature="tearDown()[pri:0, instance:rahulshettyacademy.Tests.ErrorValidationsTest@13d73fa]" started-at="2025-06-17T11:28:07 IST" name="tearDown" finished-at="2025-06-17T11:28:07 IST" duration-ms="224" status="PASS">
          <reporter-output>
          </reporter-output>
        </test-method> <!-- tearDown -->
      </class> <!-- rahulshettyacademy.Tests.ErrorValidationsTest -->
    </test> <!-- Error Validations Test -->
  </suite> <!-- Suite -->
</testng-results>
